┏━━━━━━━━━━━━━━━━━━━━┳━━━━━━━━━━━━━━━━━━━━━━━━┳━━━━━━━━━━━━━━━━┳━━━━━━━━━━━━━━━━━━━━━┓
┃ Frequency          ┃ Expected Voltage       ┃ Result Voltage ┃ Percentage Error    ┃
┡━━━━━━━━━━━━━━━━━━━━╇━━━━━━━━━━━━━━━━━━━━━━━━╇━━━━━━━━━━━━━━━━╇━━━━━━━━━━━━━━━━━━━━━┩
│ 40.000000000000014 │ 1.1863283203031484e-17 │ 0.000759721148 │ 6403970427055580.0  │
│ 40.93171969123018  │ 1.5638853023799293e-17 │ 0.000759752758 │ 4858110481911867.0  │
│ 41.88514192203599  │ 2.0616023381916652e-17 │ 0.000760081333 │ 3686847453164439.0  │
│ 42.86077220950427  │ 2.7177211745448093e-17 │ 0.000760341683 │ 2797717772233652.0  │
│ 43.859127845727414 │ 3.582654251861129e-17  │ 0.000761423051 │ 2125304306449380.8  │
│ 44.88073817207855  │ 4.7228581094336994e-17 │ 0.000761757287 │ 1612915885570172.8  │
│ 45.92614485987533  │ 6.225939528006749e-17  │ 0.000758993169 │ 1219082141073945.8  │
│ 46.9959021975812   │ 8.2073867366396e-17    │ 0.000759401886 │ 925266361105879.1   │
│ 48.09057738469654  │ 1.0819442871513621e-16 │ 0.000759766427 │ 702223243860616.4   │
│ 49.210750832495286 │ 1.4262803472798947e-16 │ 0.000759563677 │ 532548652478067.0   │
│ 50.35701647176671  │ 1.8802036788722917e-16 │ 0.00075963699  │ 404018457434051.5   │
│ 51.529982067725385 │ 2.478591169531947e-16  │ 0.000760386568 │ 306781762699228.1   │
│ 52.73026954225631  │ 3.2674195113618897e-16 │ 0.000761038663 │ 232917340535334.38  │
│ 53.95851530366615  │ 4.307297788543478e-16  │ 0.000760383491 │ 176533763934788.12  │
│ 55.215370584115426 │ 5.678124334716581e-16  │ 0.000759060655 │ 133681583962236.38  │
│ 56.501501784910175 │ 7.485225666601196e-16  │ 0.000759149254 │ 101419688304996.3   │
│ 57.81759082983711  │ 9.867449174612417e-16  │ 0.000759800629 │ 77000713715746.84   │
│ 59.1643355267283   │ 1.3007831366795665e-15 │ 0.000759374734 │ 58378273255994.92   │
│ 60.54244993744833  │ 1.7147661353283799e-15 │ 0.000759146636 │ 44271146972056.79   │
│ 61.95266475649926  │ 2.2605020129449653e-15 │ 0.000758733006 │ 33564801165970.555  │
│ 63.39572769844455  │ 2.979922011085025e-15  │ 0.0007600737   │ 25506496383785.164  │
│ 64.8724038943572   │ 3.928302271485394e-15  │ 0.000760907577 │ 19369883588625.996  │
│ 66.38347629750244  │ 5.178510940472069e-15  │ 0.000760500817 │ 14685704553623.959  │
│ 67.92974609846979  │ 6.826606942965386e-15  │ 0.000759393548 │ 11124026245215.504  │
│ 69.51203314997504  │ 8.999220604040078e-15  │ 0.000758829298 │ 8432166866209.888   │
│ 71.13117640155693  │ 1.186328320303148e-14  │ 0.00075975187  │ 6404229394051.672   │
│ 72.78803434439936  │ 1.5638853023799307e-14 │ 0.000760316185 │ 4861713220447.223   │
│ 74.48348546651472  │ 2.061602338191666e-14  │ 0.000760888047 │ 3690760496744.473   │
│ 76.2184287185299   │ 2.7177211745448092e-14 │ 0.000760202572 │ 2797205905790.35    │
│ 77.99378399032184  │ 3.582654251861134e-14  │ 0.000758850219 │ 2118122949123.4395  │
│ 79.81049259875522  │ 4.7228581094337e-14    │ 0.000760078634 │ 1609361569500.7817  │
│ 81.6695177867812   │ 6.225939528006744e-14  │ 0.000759989679 │ 1220682718678.8528  │
│ 83.57184523416161  │ 8.207386736639597e-14  │ 0.000759889565 │ 925860556229.9269   │
│ 85.51848358008932  │ 1.0819442871513638e-13 │ 0.000760269805 │ 702688496922.0638   │
│ 87.51046495798214  │ 1.4262803472798905e-13 │ 0.000760872959 │ 533466621978.2525   │
│ 89.54884554273363  │ 1.880203678872293e-13  │ 0.000851363958 │ 452804112330.32477  │
│ 91.63470611071092  │ 2.47859116953193e-13   │ 0.00091267851  │ 368224708040.292    │
│ 93.76915261279693  │ 3.2674195113618926e-13 │ 0.000771284109 │ 236052978808.27652  │
│ 95.95331676077961  │ 4.3072977885434747e-13 │ 0.000759474926 │ 176322827641.33865  │
│ 98.18835662740126  │ 5.678124334716581e-13  │ 0.000758774869 │ 133631252805.25603  │
│ 100.47545726038321 │ 7.485225666601213e-13  │ 0.00075880628  │ 101373868076.84926  │
│ 102.81583131075462 │ 9.867449174612493e-13  │ 0.000760791479 │ 77101129638.51495   │
│ 105.21071967581528 │ 1.3007831366795673e-12 │ 0.00076455206  │ 58776289232.25772   │
│ 107.66139215707669 │ 1.7147661353283903e-12 │ 0.000762891414 │ 44489531054.281906  │
│ 110.16914813352668 │ 2.2605020129449673e-12 │ 0.000761331329 │ 33679745577.73742   │
│ 112.73531725057823 │ 2.979922011085046e-12  │ 0.000760317098 │ 25514664215.766914  │
│ 115.36126012506426 │ 3.928302271485395e-12  │ 0.000759856867 │ 19343136310.74973   │
│ 118.04836906665551 │ 5.1785109404720935e-12 │ 0.000759290578 │ 14662334048.332998  │
│ 120.79806881608067 │ 6.826606942965369e-12  │ 0.000758953747 │ 11117583691.492214  │
│ 123.61181730054372 │ 8.999220604040138e-12  │ 0.000758537375 │ 8428922896.503273   │
│ 126.49110640673521 │ 1.1863283203031494e-11 │ 0.000759271344 │ 6400178762.846155   │
│ 129.43746277185127 │ 1.5638853023799192e-11 │ 0.000759130656 │ 4854132455.915422   │
│ 132.45244859303648 │ 2.0616023381916656e-11 │ 0.00075923653  │ 3682749555.1345797  │
│ 135.53766245568113 │ 2.7177211745448272e-11 │ 0.000759939352 │ 2796237273.8625965  │
│ 138.6947401810127  │ 3.5826542518611265e-11 │ 0.000759462849 │ 2119832838.4016678  │
│ 141.92535569343016 │ 4.722858109433673e-11  │ 0.000759043277 │ 1607169244.0966372  │
│ 145.2312219080406  │ 6.225939528006745e-11  │ 0.000758857299 │ 1218863808.9511857  │
│ 148.61409163886916 │ 8.207386736639639e-11  │ 0.000759001452 │ 924778366.4656352   │
│ 152.07575852822455 │ 1.0819442871513634e-10 │ 0.000759186923 │ 701687530.3297032   │
│ 155.61805799771224 │ 1.4262803472798857e-10 │ 0.000758892508 │ 532077979.4934973   │
│ 159.24286822139896 │ 1.8802036788722896e-10 │ 0.000760071413 │ 404249408.46595323  │
│ 162.9521111216451  │ 2.4785911695319294e-10 │ 0.000759565229 │ 306450289.37318593  │
│ 166.74775338813424 │ 3.2674195113618934e-10 │ 0.00075913474  │ 232334541.25443292  │
│ 170.63180752063707 │ 4.307297788543472e-10  │ 0.000759549727 │ 176340093.8496675   │
│ 174.60633289606648 │ 5.678124334716576e-10  │ 0.000759201471 │ 133706283.70107047  │
│ 178.67343686038527 │ 7.485225666601212e-10  │ 0.000759112124 │ 101414627.86680688  │
│ 182.83527584595012 │ 9.867449174612475e-10  │ 0.000759447169 │ 76964792.90808289   │
│ 187.0940565148793  │ 1.3007831366795668e-09 │ 0.000759279439 │ 58370847.28473866   │
│ 191.45203692905545 │ 1.7147661353283906e-09 │ 0.000758821671 │ 44252095.99141897   │
│ 195.9115277473785  │ 2.260502012944963e-09  │ 0.000758879775 │ 33571193.9273758    │
│ 200.47489345090904 │ 2.9799220110850424e-09 │ 0.000758742805 │ 25461734.309003554  │
│ 205.144553596546   │ 3.928302271485394e-09  │ 0.000758639538 │ 19312047.7312676    │
│ 209.92298409990897 │ 5.178510940472037e-09  │ 0.00075876112  │ 14652010.012358816  │
│ 214.81271854810115 │ 6.82660694296538e-09   │ 0.000758465711 │ 11110334.764104545  │
│ 219.81634954305    │ 8.999220604040126e-09  │ 0.000758667666 │ 8430270.799660167   │
│ 224.9365300761397  │ 1.1863283203031467e-08 │ 0.000759065017 │ 6398339.656283628   │
│ 230.17597493486272 │ 1.5638853023799175e-08 │ 0.000758668182 │ 4851075.344160217   │
│ 235.53746214223565 │ 2.0616023381916662e-08 │ 0.000759349427 │ 3683197.272868166   │
│ 241.0238344297433  │ 2.7177211745448223e-08 │ 0.000759591312 │ 2794856.742121348   │
│ 246.63800074459294 │ 3.58265425186112e-08   │ 0.000759657894 │ 2120277.3532022308  │
│ 252.38293779207726 │ 4.7228581094336456e-08 │ 0.000759489813 │ 1608014.8224270416  │
│ 258.2616916138623  │ 6.225939528006698e-08  │ 0.000759414325 │ 1219658.5948014096  │
│ 264.27737920303866 │ 8.207386736639541e-08  │ 0.000759510715 │ 925298.9599507729   │
│ 270.4331901567928  │ 1.0819442871513373e-07 │ 0.000759596981 │ 701966.6313604289   │
│ 276.7323883675746  │ 1.4262803472798248e-07 │ 0.000760057805 │ 532795.0976920968   │
│ 283.1783137536553  │ 1.8802036788721579e-07 │ 0.000759459412 │ 403824.011283481    │
│ 289.77438402999604 │ 2.478591169531628e-07  │ 0.000759302052 │ 306244.2092967204   │
│ 296.52409652036715 │ 3.267419511361196e-07  │ 0.000759485036 │ 232341.85001625368  │
│ 303.4310300116735  │ 4.307297788541872e-07  │ 0.000759379228 │ 176200.61009946305  │
│ 310.49884665147687 │ 5.678124334712923e-07  │ 0.000759367767 │ 133635.67083722417  │
│ 317.7312938897126  │ 7.48522566659282e-07   │ 0.000759137232 │ 101318.08220800772  │
│ 325.1322064656399  │ 9.867449174593271e-07  │ 0.000759279157 │ 76847.86601536226   │
│ 332.70550844106845 │ 1.3007831366751667e-06 │ 0.000762087136 │ 58486.79394844503   │
│ 340.4552152809508  │ 1.7147661353183067e-06 │ 0.000763517473 │ 44426.041031144494  │
│ 348.3854359824323  │ 2.260502012921862e-06  │ 0.00076334757  │ 33668.94006890612   │
│ 356.5003752534985  │ 2.9799220110321245e-06 │ 0.000761244685 │ 25445.7922113987    │
│ 364.80433574236395 │ 3.928302271364156e-06  │ 0.000761497087 │ 19284.890326567456  │
│ 373.3017203187963  │ 5.17851094019429e-06   │ 0.000782096182 │ 15002.723370333495  │
│ 381.99703440857445 │ 6.826606942329107e-06  │ 0.000795702597 │ 11555.901734522913  │
│ 390.89488838232455 │ 8.999220602582498e-06  │ 0.000765707546 │ 8408.598464407747   │
│ 400.0000000000001  │ 1.1863283199692277e-05 │ 0.000764521143 │ 6344.431361293229   │
│ 409.31719691230154 │ 1.5638853016149464e-05 │ 0.000760546152 │ 4763.183708003534   │
│ 418.85141922035996 │ 2.0616023364392195e-05 │ 0.000759603221 │ 3584.5283281545926  │
│ 428.6077220950429  │ 2.717721170530202e-05  │ 0.00076014104  │ 2696.9794997464865  │
│ 438.59127845727414 │ 3.582654242664159e-05  │ 0.000760530028 │ 2022.811682308615   │
│ 448.8073817207853  │ 4.7228580883646376e-05 │ 0.000761077977 │ 1511.4775476210318  │
│ 459.2614485987533  │ 6.225939479740371e-05  │ 0.000761259157 │ 1122.7217426015607  │
│ 469.9590219758123  │ 8.207386626067781e-05  │ 0.000760200366 │ 826.2392532910535   │
│ 480.90577384696536 │ 0.0001081944261820808  │ 0.000761023852 │ 603.3854504845473   │
│ 492.10750832495256 │ 0.00014262802892509388 │ 0.000761056674 │ 433.5954508630948   │
│ 503.5701647176671  │ 0.00018802035459356627 │ 0.000761043647 │ 304.7666268075646   │
│ 515.299820677254   │ 0.0002478590864991753  │ 0.000762301283 │ 207.55430182808178  │
│ 527.3026954225631  │ 0.0003267418813700656  │ 0.00076208176  │ 133.23663217109026  │
│ 539.5851530366615  │ 0.00043072961902941554 │ 0.000761191351 │ 76.72138561430495   │
│ 552.1537058411542  │ 0.0005678120673339907  │ 0.000759513611 │ 33.761442331807515  │
│ 565.0150178491024  │ 0.0007485217278875918  │ 0.000760329274 │ 1.5774486795099913  │
│ 578.1759082983714  │ 0.00098674299594596    │ 0.000784600379 │ 20.4858425929005    │
│ 591.643355267283   │ 0.0013007787347486725  │ 0.000906807362 │ 30.287347280841963  │
│ 605.424499374483   │ 0.0017147560511124524  │ 0.00113725731  │ 33.67818651159146   │
│ 619.5266475649926  │ 0.00226047891144115    │ 0.00144499797  │ 36.07558280299315   │
│ 633.9572769844458  │ 0.0029798690889962618  │ 0.00192058028  │ 35.54816595493705   │
│ 648.724038943572   │ 0.003928181035572637   │ 0.00249866995  │ 36.391171196727896  │
│ 663.8347629750241  │ 0.005178233211365088   │ 0.00324980608  │ 37.24102512672879   │
│ 679.2974609846979  │ 0.006825970727512465   │ 0.0043706872   │ 35.96973420375661   │
│ 695.1203314997507  │ 0.008997763218849266   │ 0.00565290875  │ 37.17428862589077   │
│ 711.3117640155693  │ 0.011859944925309836   │ 0.00747610774  │ 36.963385689544516  │
│ 727.8803434439932  │ 0.015631207058760376   │ 0.0098427816   │ 37.03121222181177   │
│ 744.8348546651472  │ 0.020598513803936555   │ 0.0129933496   │ 36.92093651185233   │
│ 762.1842871852995  │ 0.02713712473928761    │ 0.0169608283   │ 37.49953813107892   │
│ 779.9378399032184  │ 0.03573480832475       │ 0.0225498872   │ 36.89657715504828   │
│ 798.1049259875517  │ 0.04701882645407607    │ 0.0311045226   │ 33.84666325013404   │
│ 816.695177867812   │ 0.061780444570483525   │ 0.0396691982   │ 35.7900408846321    │
│ 835.7184523416165  │ 0.08098284706274833    │ 0.0513112763   │ 36.63932775759015   │
│ 855.1848358008932  │ 0.10571932070426271    │ 0.0686157599   │ 35.09629134683482   │
│ 875.104649579821   │ 0.13705200370695392    │ 0.137103367    │ 0.0374772288305333  │
│ 895.4884554273362  │ 0.17560454405763387    │ 0.137540136    │ 21.676209042256346  │
│ 916.3470611071101  │ 0.22073748145548922    │ 0.150733485    │ 31.713688130307503  │
│ 937.6915261279694  │ 0.2692512592853371     │ 0.192774318    │ 28.403559369908542  │
│ 959.5331676077963  │ 0.31415907839426094    │ 0.23456049     │ 25.33703269092447   │
│ 981.8835662740127  │ 0.3452121028058594     │ 0.284782953    │ 17.504933724714622  │
│ 1004.7545726038331 │ 0.35298143307792557    │ 0.324282908    │ 8.1303214244671     │
│ 1028.158313107546  │ 0.3347926975096169     │ 0.345168135    │ 3.099063261403746   │
│ 1052.107196758153  │ 0.29670650494353856    │ 0.346257249    │ 16.70025538061278   │
│ 1076.6139215707658 │ 0.24920862721441664    │ 0.326080349    │ 30.84633250655632   │
│ 1101.6914813352666 │ 0.20147545973883596    │ 0.287401137    │ 42.648210046298345  │
│ 1127.3531725057824 │ 0.1588455543690319     │ 0.240424013    │ 51.35709271500546   │
│ 1153.6126012506427 │ 0.12328681507384302    │ 0.196133634    │ 59.0872745658367    │
│ 1180.483690666554  │ 0.09478558358311287    │ 0.094873319    │ 0.09256198418633628 │
│ 1207.9806881608067 │ 0.07246534585207014    │ 0.0946891913   │ 30.66823898598007   │
│ 1236.1181730054373 │ 0.05521944722858814    │ 0.0887237674   │ 60.674856147538634  │
│ 1264.911064067352  │ 0.04199764291044861    │ 0.0702753355   │ 67.33161822878438   │
│ 1294.3746277185128 │ 0.03190642549296899    │ 0.0541008548   │ 69.56100209947321   │
│ 1324.5244859303648 │ 0.024224481844913326   │ 0.0409037474   │ 68.85293011371057   │
│ 1355.3766245568113 │ 0.018385320607633204   │ 0.0313362239   │ 70.44154175364149   │
│ 1386.947401810127  │ 0.013950698757215262   │ 0.0236552838   │ 69.56343342849084   │
│ 1419.2535569343017 │ 0.010584437071707475   │ 0.0178185779   │ 68.34695864581788   │
│ 1452.3122190804058 │ 0.0080298806381078     │ 0.0136480779   │ 69.96613667243872   │
│ 1486.1409163886915 │ 0.006091620943947166   │ 0.0102912791   │ 68.94155422171748   │
│ 1520.7575852822454 │ 0.004621112661189208   │ 0.0078570127   │ 70.02426203515365   │
│ 1556.1805799771223 │ 0.0035055360039758544  │ 0.00592265019  │ 68.95134391096656   │
│ 1592.4286822139898 │ 0.002659248750092612   │ 0.00453159747  │ 70.40893484831686   │
│ 1629.5211112164525 │ 0.002017258581329943   │ 0.00342324794  │ 69.69802343054667   │
│ 1667.4775338813424 │ 0.0015302524104356266  │ 0.00250130853  │ 63.4572514274254    │
│ 1706.3180752063706 │ 0.0011608174708260509  │ 0.00193076677  │ 66.32819702705235   │
│ 1746.0633289606649 │ 0.0008805711096114545  │ 0.00151676058  │ 72.24737030826046   │
│ 1786.7343686038544 │ 0.0006679819367780813  │ 0.00116845199  │ 74.92269261589122   │
│ 1828.3527584595013 │ 0.0005067163097478899  │ 0.00092924056  │ 83.38477410808655   │
│ 1870.940565148793  │ 0.0003843837132801685  │ 0.000781152031 │ 103.22193787400042  │
│ 1914.5203692905527 │ 0.00029158490168251555 │ 0.000760079049 │ 160.67160700508143  │
│ 1959.115277473785  │ 0.00022118978360195242 │ 0.000759913623 │ 243.55728850818963  │
│ 2004.7489345090905 │ 0.0001677896166365049  │ 0.000759969495 │ 352.9299906837372   │
│ 2051.44553596546   │ 0.00012728144354593425 │ 0.000759953581 │ 497.06549503875044  │
│ 2099.22984099909   │ 9.655285011949222e-05  │ 0.000759684327 │ 686.8067344048644   │
│ 2148.1271854810116 │ 7.324282748558173e-05  │ 0.000759109328 │ 936.4282129187804   │
│ 2198.1634954305    │ 5.5560366715376995e-05 │ 0.000759490692 │ 1266.9648652441342  │
│ 2249.365300761397  │ 4.214684836115815e-05  │ 0.000759696668 │ 1702.4993505804434  │
│ 2301.7597493486273 │ 3.197165407315444e-05  │ 0.000760555189 │ 2278.842168315006   │
│ 2355.3746214223565 │ 2.425297983753588e-05  │ 0.000761925398 │ 3041.5743677846235  │
│ 2410.238344297433  │ 1.839776664157846e-05  │ 0.000761143084 │ 4037.1493552909683  │
│ 2466.3800074459296 │ 1.3956133208932574e-05 │ 0.000760214936 │ 5347.174547699409   │
│ 2523.8293779207725 │ 1.058680968816732e-05  │ 0.000759158201 │ 7070.792933479261   │
│ 2582.616916138623  │ 8.030916421309684e-06  │ 0.000759502197 │ 9357.229501040432   │
│ 2642.7737920303866 │ 6.092073104472734e-06  │ 0.000759862135 │ 12372.964817873204  │
│ 2704.331901567928  │ 4.621310042637105e-06  │ 0.00075935949  │ 16331.693242695292  │
│ 2767.323883675746  │ 3.5056221656652552e-06 │ 0.000759593854 │ 21567.87571802831   │
│ 2831.783137536553  │ 2.6592863614266417e-06 │ 0.000759996208 │ 28478.95332461604   │
│ 2897.7438402999633 │ 2.017274999371304e-06  │ 0.000759830032 │ 37566.1601535143    │
│ 2965.2409652036717 │ 1.5302595771953772e-06 │ 0.000759990048 │ 49564.12622575389   │
│ 3034.310300116735  │ 1.1608205992363699e-06 │ 0.000759826372 │ 65355.96903602861   │
│ 3104.988466514769  │ 8.805724752136506e-07  │ 0.000759120581 │ 86107.62087933952   │
│ 3177.3129388971292 │ 6.679825328854539e-07  │ 0.00075911814  │ 113543.41171031402  │
│ 3251.322064656399  │ 5.067165699582937e-07  │ 0.000759138326 │ 149715.17696618492  │
│ 3327.0550844106842 │ 3.8438382686615446e-07 │ 0.000759522366 │ 197494.77712481172  │
│ 3404.5521528095046 │ 2.915849512646034e-07  │ 0.000759364166 │ 260326.39124777837  │
│ 3483.854359824323  │ 2.211898052453199e-07  │ 0.000759948711 │ 343473.1181901203   │
│ 3565.0037525349844 │ 1.6778962608417823e-07 │ 0.000767708212 │ 457442.1198059344   │
│ 3648.0433574236395 │ 1.2728144766999323e-07 │ 0.000770625583 │ 605350.0456327508   │
│ 3733.017203187963  │ 9.655285191970937e-08  │ 0.000760656456 │ 787713.5558673507   │
│ 3819.9703440857447 │ 7.3242828271405e-08    │ 0.000761118712 │ 1039071.656752025   │
│ 3908.9488838232455 │ 5.556036705840134e-08  │ 0.000762675615 │ 1372597.2217414016  │
│ 4000.000000000001  │ 4.2146848510893763e-08 │ 0.000760541896 │ 1804404.780003709   │
│ 4093.1719691230196 │ 3.197165413851597e-08  │ 0.000759503853 │ 2375453.8256152733  │
│ 4188.514192203599  │ 2.4252979866067398e-08 │ 0.000759411941 │ 3131110.866432546   │
│ 4286.077220950429  │ 1.8397766654032915e-08 │ 0.000759505195 │ 4128146.7012565974  │
│ 4385.912784572742  │ 1.3956133214369163e-08 │ 0.000759154519 │ 5439476.330629881   │
│ 4488.073817207853  │ 1.0586809690540481e-08 │ 0.000759956468 │ 7178233.1354207285  │
│ 4592.614485987533  │ 8.030916422345592e-09  │ 0.000759944389 │ 9462635.621124081   │
│ 4699.590219758118  │ 6.0920731049250005e-09 │ 0.000759265875 │ 12463077.344116053  │
│ 4809.0577384696535 │ 4.621310042834495e-09  │ 0.000759111777 │ 16426233.008689377  │
│ 4921.075083249526  │ 3.5056221657514255e-09 │ 0.000759347629 │ 21660751.999925524  │
│ 5035.701647176671  │ 2.659286361464255e-09  │ 0.000759346686 │ 28554428.651133638  │
│ 5152.998206772536  │ 2.0172749993877444e-09 │ 0.000759496046 │ 37649503.858200386  │
│ 5273.026954225631  │ 1.5302595772025466e-09 │ 0.000759668469 │ 49643011.55554034   │
│ 5395.8515303666145 │ 1.1608205992394987e-09 │ 0.000759373725 │ 65416875.32741035   │
│ 5521.537058411543  │ 8.80572475215016e-10   │ 0.00075981338  │ 86286196.85642521   │
│ 5650.150178491018  │ 6.679825328860571e-10  │ 0.000759539956 │ 113706459.46920703  │
│ 5781.759082983714  │ 5.067165699585541e-10  │ 0.000759327259 │ 149852362.70160607  │
│ 5916.43355267283   │ 3.8438382686626825e-10 │ 0.000759542803 │ 197599993.94574606  │
│ 6054.244993744836  │ 2.9158495126464937e-10 │ 0.000760344804 │ 260762604.21442056  │
│ 6195.266475649926  │ 2.2118980524534187e-10 │ 0.000760371486 │ 343764154.9377908   │
│ 6339.572769844458  │ 1.6778962608418773e-10 │ 0.000759341259 │ 452555446.3238257   │
│ 6487.240389435721  │ 1.2728144766999734e-10 │ 0.000759445178 │ 596665943.5612061   │
│ 6638.3476297502475 │ 9.655285191970978e-11  │ 0.000759210309 │ 786315678.2551414   │
│ 6792.974609846979  │ 7.32428282714059e-11   │ 0.000759276743 │ 1036656677.0791869  │
│ 6951.203314997507  │ 5.556036705840166e-11  │ 0.000759983481 │ 1367851700.1890664  │
│ 7113.117640155693  │ 4.214684851089391e-11  │ 0.000759418564 │ 1801839398.8742974  │
│ 7278.803434439939  │ 3.197165413851608e-11  │ 0.000760051777 │ 2377267506.196108   │
│ 7448.348546651472  │ 2.425297986606743e-11  │ 0.000760040743 │ 3133803445.7794614  │
│ 7621.842871852995  │ 1.839776665403292e-11  │ 0.0007597125   │ 4129373395.6327744  │
│ 7799.3783990321845 │ 1.3956133214369153e-11 │ 0.000758970074 │ 5438254625.302915   │
│ 7981.049259875525  │ 1.0586809690540339e-11 │ 0.000758910185 │ 7168450143.118199   │
│ 8166.951778678121  │ 8.0309164223456e-12    │ 0.000758845505 │ 9449052350.459484   │
│ 8357.184523416157  │ 6.09207310492501e-12   │ 0.000759839921 │ 12472600079.169275  │
│ 8551.848358008932  │ 4.621310042834491e-12  │ 0.00075955139  │ 16435845644.167542  │
│ 8751.04649579821   │ 3.505622165751422e-12  │ 0.000758921613 │ 21648699534.95701   │
│ 8954.884554273363  │ 2.659286361464252e-12  │ 0.000759463232 │ 28558911155.49283   │
│ 9163.470611071092  │ 2.017274999387745e-12  │ 0.00075905201  │ 37627592084.02929   │
│ 9376.915261279693  │ 1.5302595772025452e-12 │ 0.000759805506 │ 49652066602.89195   │
│ 9595.331676077962  │ 1.1608205992394985e-12 │ 0.000759778734 │ 65451865114.81118   │
│ 9818.835662740126  │ 8.805724752150176e-13  │ 0.000759526454 │ 86253712726.3678    │
│ 10047.545726038332 │ 6.67982532886049e-13   │ 0.000759621588 │ 113718780048.04073  │
└────────────────────┴────────────────────────┴────────────────┴─────────────────────┘